
> chaii-bros@0.1.0 build
> next build

 ⚠ Warning: Next.js inferred your workspace root, but it may not be correct.
 We detected multiple lockfiles and selected the directory of /Users/alabid/package-lock.json as the root directory.
 To silence this warning, set `outputFileTracingRoot` in your Next.js config, or consider removing one of the lockfiles if it's not needed.
   See https://nextjs.org/docs/app/api-reference/config/next-config-js/output#caveats for more information.
 Detected additional lockfiles: 
   * /Users/alabid/Desktop/Rubayit/ChaiiBros/package-lock.json

   ▲ Next.js 15.5.9
   - Environments: .env.local

   Creating an optimized production build ...
(node:74521) ExperimentalWarning: Type Stripping is an experimental feature and might change at any time
(Use `node --trace-warnings ...` to show where the warning was created)
 ✓ Compiled successfully in 6.0s
   Linting and checking validity of types ...

Failed to compile.

./app/admin/enquiries/page.tsx
122:45  Error: `"` can be escaped with `&quot;`, `&ldquo;`, `&#34;`, `&rdquo;`.  react/no-unescaped-entities
122:63  Error: `"` can be escaped with `&quot;`, `&ldquo;`, `&#34;`, `&rdquo;`.  react/no-unescaped-entities

./app/admin/homepage/page.tsx
320:100  Error: `"` can be escaped with `&quot;`, `&ldquo;`, `&#34;`, `&rdquo;`.  react/no-unescaped-entities
320:114  Error: `"` can be escaped with `&quot;`, `&ldquo;`, `&#34;`, `&rdquo;`.  react/no-unescaped-entities

./app/admin/page.tsx
49:100  Error: `'` can be escaped with `&apos;`, `&lsquo;`, `&#39;`, `&rsquo;`.  react/no-unescaped-entities

./app/admin/settings/page.tsx
67:99  Error: `'` can be escaped with `&apos;`, `&lsquo;`, `&#39;`, `&rsquo;`.  react/no-unescaped-entities

info  - Need to disable some ESLint rules? Learn more here: https://nextjs.org/docs/app/api-reference/config/eslint#disabling-rules
