
> chaii-bros@0.1.0 build
> next build

 ⚠ Warning: Next.js inferred your workspace root, but it may not be correct.
 We detected multiple lockfiles and selected the directory of /Users/alabid/package-lock.json as the root directory.
 To silence this warning, set `outputFileTracingRoot` in your Next.js config, or consider removing one of the lockfiles if it's not needed.
   See https://nextjs.org/docs/app/api-reference/config/next-config-js/output#caveats for more information.
 Detected additional lockfiles: 
   * /Users/alabid/Desktop/Rubayit/ChaiiBros/package-lock.json

   ▲ Next.js 15.5.9
   - Environments: .env.local

   Creating an optimized production build ...
 ✓ Compiled successfully in 10.4s
   Linting and checking validity of types ...
   Collecting page data ...

> Build error occurred
[Error: ENOTEMPTY: directory not empty, rmdir '/Users/alabid/Desktop/Rubayit/ChaiiBros/.next/export'] {
  errno: -66,
  code: 'ENOTEMPTY',
  syscall: 'rmdir',
  path: '/Users/alabid/Desktop/Rubayit/ChaiiBros/.next/export'
}
BUILD_FAILED
